<?xml version="1.0" encoding="utf-8"?>
<coverage line-rate="0.9915999999999999" branch-rate="0.9469" version="1.9" timestamp="1776622761" lines-covered="951" lines-valid="959" branches-covered="250" branches-valid="264">
  <sources>
    <source>/Users/joelmaraoliveira/dev/postech/mechanics-software/src/</source>
  </sources>
  <packages>
    <package name="MechanicsSoftware.Domain" line-rate="0.985" branch-rate="0.9444" complexity="268">
      <classes>
        <class name="MechanicsSoftware.Domain.Vehicles.LicensePlate" filename="MechanicsSoftware.Domain/Vehicles/LicensePlate.cs" line-rate="1" branch-rate="1" complexity="9">
          <methods>
            <method name="ToString" signature="()" line-rate="1" branch-rate="1" complexity="1">
              <lines>
                <line number="36" hits="1" branch="False" />
              </lines>
            </method>
            <method name=".ctor" signature="(System.String)" line-rate="1" branch-rate="1" complexity="8">
              <lines>
                <line number="16" hits="48" branch="False" />
                <line number="17" hits="48" branch="False" />
                <line number="18" hits="48" branch="True" condition-coverage="100% (2/2)">
                  <conditions>
                    <condition number="16" type="jump" coverage="100%" />
                  </conditions>
                </line>
                <line number="19" hits="2" branch="False" />
                <line number="21" hits="46" branch="False" />
                <line number="22" hits="46" branch="True" condition-coverage="100% (2/2)">
                  <conditions>
                    <condition number="46" type="jump" coverage="100%" />
                  </conditions>
                </line>
                <line number="23" hits="2" branch="False" />
                <line number="25" hits="46" branch="True" condition-coverage="100% (4/4)">
                  <conditions>
                    <condition number="76" type="jump" coverage="100%" />
                    <condition number="97" type="jump" coverage="100%" />
                  </conditions>
                </line>
                <line number="26" hits="5" branch="False" />
                <line number="28" hits="41" branch="False" />
                <line number="29" hits="41" branch="False" />
              </lines>
            </method>
          </methods>
          <lines>
            <line number="36" hits="1" branch="False" />
            <line number="16" hits="48" branch="False" />
            <line number="17" hits="48" branch="False" />
            <line number="18" hits="48" branch="True" condition-coverage="100% (2/2)">
              <conditions>
                <condition number="16" type="jump" coverage="100%" />
              </conditions>
            </line>
            <line number="19" hits="2" branch="False" />
            <line number="21" hits="46" branch="False" />
            <line number="22" hits="46" branch="True" condition-coverage="100% (2/2)">
              <conditions>
                <condition number="46" type="jump" coverage="100%" />
              </conditions>
            </line>
            <line number="23" hits="2" branch="False" />
            <line number="25" hits="46" branch="True" condition-coverage="100% (4/4)">
              <conditions>
                <condition number="76" type="jump" coverage="100%" />
                <condition number="97" type="jump" coverage="100%" />
              </conditions>
            </line>
            <line number="26" hits="5" branch="False" />
            <line number="28" hits="41" branch="False" />
            <line number="29" hits="41" branch="False" />
          </lines>
        </class>
        <class name="MechanicsSoftware.Domain.Vehicles.Vehicle" filename="MechanicsSoftware.Domain/Vehicles/Vehicle.cs" line-rate="1" branch-rate="1" complexity="23">
          <methods>
            <method name="Create" signature="(System.Guid,MechanicsSoftware.Domain.Vehicles.LicensePlate,System.String,System.String,System.Int32,System.Guid)" line-rate="1" branch-rate="1" complexity="12">
              <lines>
                <line number="22" hits="42" branch="False" />
                <line number="23" hits="42" branch="True" condition-coverage="100% (2/2)">
                  <conditions>
                    <condition number="7" type="jump" coverage="100%" />
                  </conditions>
                </line>
                <line number="24" hits="1" branch="False" />
                <line number="26" hits="41" branch="True" condition-coverage="100% (2/2)">
                  <conditions>
                    <condition number="28" type="jump" coverage="100%" />
                  </conditions>
                </line>
                <line number="27" hits="2" branch="False" />
                <line number="29" hits="39" branch="True" condition-coverage="100% (2/2)">
                  <conditions>
                    <condition number="49" type="jump" coverage="100%" />
                  </conditions>
                </line>
                <line number="30" hits="2" branch="False" />
                <line number="32" hits="37" branch="False" />
                <line number="33" hits="37" branch="False" />
                <line number="35" hits="37" branch="False" />
                <line number="36" hits="37" branch="True" condition-coverage="100% (4/4)">
                  <conditions>
                    <condition number="100" type="jump" coverage="100%" />
                    <condition number="116" type="jump" coverage="100%" />
                  </conditions>
                </line>
                <line number="37" hits="2" branch="False" />
                <line number="39" hits="35" branch="True" condition-coverage="100% (2/2)">
                  <conditions>
                    <condition number="194" type="jump" coverage="100%" />
                  </conditions>
                </line>
                <line number="40" hits="1" branch="False" />
                <line number="42" hits="34" branch="False" />
                <line number="43" hits="34" branch="False" />
                <line number="44" hits="34" branch="False" />
                <line number="45" hits="34" branch="False" />
                <line number="46" hits="34" branch="False" />
                <line number="47" hits="34" branch="False" />
                <line number="48" hits="34" branch="False" />
                <line number="49" hits="34" branch="False" />
                <line number="50" hits="34" branch="False" />
                <line number="51" hits="34" branch="False" />
              </lines>
            </method>
            <method name="Update" signature="(System.String,System.String,System.Int32)" line-rate="1" branch-rate="1" complexity="8">
              <lines>
                <line number="54" hits="8" branch="False" />
                <line number="55" hits="8" branch="True" condition-coverage="100% (2/2)">
                  <conditions>
                    <condition number="9" type="jump" coverage="100%" />
                  </conditions>
                </line>
                <line number="56" hits="2" branch="False" />
                <line number="58" hits="6" branch="True" condition-coverage="100% (2/2)">
                  <conditions>
                    <condition number="30" type="jump" coverage="100%" />
                  </conditions>
                </line>
                <line number="59" hits="2" branch="False" />
                <line number="61" hits="4" branch="False" />
                <line number="62" hits="4" branch="True" condition-coverage="100% (4/4)">
                  <conditions>
                    <condition number="63" type="jump" coverage="100%" />
                    <condition number="78" type="jump" coverage="100%" />
                  </conditions>
                </line>
                <line number="63" hits="1" branch="False" />
                <line number="65" hits="3" branch="False" />
                <line number="66" hits="3" branch="False" />
                <line number="67" hits="3" branch="False" />
                <line number="68" hits="3" branch="False" />
              </lines>
            </method>
            <method name="UpdateLicensePlate" signature="(MechanicsSoftware.Domain.Vehicles.LicensePlate)" line-rate="1" branch-rate="1" complexity="2">
              <lines>
                <line number="71" hits="2" branch="False" />
                <line number="72" hits="2" branch="True" condition-coverage="100% (2/2)">
                  <conditions>
                    <condition number="7" type="jump" coverage="100%" />
                  </conditions>
                </line>
                <line number="73" hits="1" branch="False" />
                <line number="75" hits="1" branch="False" />
                <line number="76" hits="1" branch="False" />
              </lines>
            </method>
            <method name=".ctor" signature="()" line-rate="1" branch-rate="1" complexity="1">
              <lines>
                <line number="13" hits="102" branch="False" />
              </lines>
            </method>
          </methods>
          <lines>
            <line number="22" hits="42" branch="False" />
            <line number="23" hits="42" branch="True" condition-coverage="100% (2/2)">
              <conditions>
                <condition number="7" type="jump" coverage="100%" />
              </conditions>
            </line>
            <line number="24" hits="1" branch="False" />
            <line number="26" hits="41" branch="True" condition-coverage="100% (2/2)">
              <conditions>
                <condition number="28" type="jump" coverage="100%" />
              </conditions>
            </line>
            <line number="27" hits="2" branch="False" />
            <line number="29" hits="39" branch="True" condition-coverage="100% (2/2)">
              <conditions>
                <condition number="49" type="jump" coverage="100%" />
              </conditions>
            </line>
            <line number="30" hits="2" branch="False" />
            <line number="32" hits="37" branch="False" />
            <line number="33" hits="37" branch="False" />
            <line number="35" hits="37" branch="False" />
            <line number="36" hits="37" branch="True" condition-coverage="100% (4/4)">
              <conditions>
                <condition number="100" type="jump" coverage="100%" />
                <condition number="116" type="jump" coverage="100%" />
              </conditions>
            </line>
            <line number="37" hits="2" branch="False" />
            <line number="39" hits="35" branch="True" condition-coverage="100% (2/2)">
              <conditions>
                <condition number="194" type="jump" coverage="100%" />
              </conditions>
            </line>
            <line number="40" hits="1" branch="False" />
            <line number="42" hits="34" branch="False" />
            <line number="43" hits="34" branch="False" />
            <line number="44" hits="34" branch="False" />
            <line number="45" hits="34" branch="False" />
            <line number="46" hits="34" branch="False" />
            <line number="47" hits="34" branch="False" />
            <line number="48" hits="34" branch="False" />
            <line number="49" hits="34" branch="False" />
            <line number="50" hits="34" branch="False" />
            <line number="51" hits="34" branch="False" />
            <line number="54" hits="8" branch="False" />
            <line number="55" hits="8" branch="True" condition-coverage="100% (2/2)">
              <conditions>
                <condition number="9" type="jump" coverage="100%" />
              </conditions>
            </line>
            <line number="56" hits="2" branch="False" />
            <line number="58" hits="6" branch="True" condition-coverage="100% (2/2)">
              <conditions>
                <condition number="30" type="jump" coverage="100%" />
              </conditions>
            </line>
            <line number="59" hits="2" branch="False" />
            <line number="61" hits="4" branch="False" />
            <line number="62" hits="4" branch="True" condition-coverage="100% (4/4)">
              <conditions>
                <condition number="63" type="jump" coverage="100%" />
                <condition number="78" type="jump" coverage="100%" />
              </conditions>
            </line>
            <line number="63" hits="1" branch="False" />
            <line number="65" hits="3" branch="False" />
            <line number="66" hits="3" branch="False" />
            <line number="67" hits="3" branch="False" />
            <line number="68" hits="3" branch="False" />
            <line number="71" hits="2" branch="False" />
            <line number="72" hits="2" branch="True" condition-coverage="100% (2/2)">
              <conditions>
                <condition number="7" type="jump" coverage="100%" />
              </conditions>
            </line>
            <line number="73" hits="1" branch="False" />
            <line number="75" hits="1" branch="False" />
            <line number="76" hits="1" branch="False" />
            <line number="13" hits="102" branch="False" />
          </lines>
        </class>
        <class name="MechanicsSoftware.Domain.Shared.ConflictException" filename="MechanicsSoftware.Domain/Shared/ConflictException.cs" line-rate="1" branch-rate="1" complexity="1">
          <methods>
            <method name=".ctor" signature="(System.String)" line-rate="1" branch-rate="1" complexity="1">
              <lines>
                <line number="5" hits="30" branch="False" />
              </lines>
            </method>
          </methods>
          <lines>
            <line number="5" hits="30" branch="False" />
          </lines>
        </class>
        <class name="MechanicsSoftware.Domain.Shared.DomainException" filename="MechanicsSoftware.Domain/Shared/DomainException.cs" line-rate="1" branch-rate="1" complexity="1">
          <methods>
            <method name=".ctor" signature="(System.String)" line-rate="1" branch-rate="1" complexity="1">
              <lines>
                <line number="5" hits="360" branch="False" />
              </lines>
            </method>
          </methods>
          <lines>
            <line number="5" hits="360" branch="False" />
          </lines>
        </class>
        <class name="MechanicsSoftware.Domain.Shared.Entity`1" filename="MechanicsSoftware.Domain/Shared/Entity.cs" line-rate="1" branch-rate="1" complexity="12">
          <methods>
            <method name="Equals" signature="(System.Object)" line-rate="1" branch-rate="1" complexity="6">
              <lines>
                <line number="15" hits="12" branch="False" />
                <line number="16" hits="15" branch="True" condition-coverage="100% (2/2)">
                  <conditions>
                    <condition number="17" type="jump" coverage="100%" />
                  </conditions>
                </line>
                <line number="17" hits="10" branch="True" condition-coverage="100% (2/2)">
                  <conditions>
                    <condition number="29" type="jump" coverage="100%" />
                  </conditions>
                </line>
                <line number="18" hits="9" branch="True" condition-coverage="100% (2/2)">
                  <conditions>
                    <condition number="56" type="jump" coverage="100%" />
                  </conditions>
                </line>
                <line number="19" hits="7" branch="False" />
                <line number="20" hits="12" branch="False" />
              </lines>
            </method>
            <method name="GetHashCode" signature="()" line-rate="1" branch-rate="1" complexity="1">
              <lines>
                <line number="23" hits="4" branch="False" />
              </lines>
            </method>
            <method name="op_Equality" signature="(MechanicsSoftware.Domain.Shared.Entity`1&lt;TId&gt;,MechanicsSoftware.Domain.Shared.Entity`1&lt;TId&gt;)" line-rate="1" branch-rate="1" complexity="2">
              <lines>
                <line number="26" hits="5" branch="True" condition-coverage="100% (2/2)">
                  <conditions>
                    <condition number="1" type="jump" coverage="100%" />
                  </conditions>
                </line>
              </lines>
            </method>
            <method name="op_Inequality" signature="(MechanicsSoftware.Domain.Shared.Entity`1&lt;TId&gt;,MechanicsSoftware.Domain.Shared.Entity`1&lt;TId&gt;)" line-rate="1" branch-rate="1" complexity="1">
              <lines>
                <line number="29" hits="2" branch="False" />
              </lines>
            </method>
            <method name=".ctor" signature="()" line-rate="1" branch-rate="1" complexity="1">
              <lines>
                <line number="7" hits="963" branch="False" />
              </lines>
            </method>
            <method name=".ctor" signature="(TId)" line-rate="1" branch-rate="1" complexity="1">
              <lines>
                <line number="9" hits="15" branch="False" />
                <line number="10" hits="15" branch="False" />
                <line number="11" hits="15" branch="False" />
                <line number="12" hits="15" branch="False" />
              </lines>
            </method>
          </methods>
          <lines>
            <line number="15" hits="12" branch="False" />
            <line number="16" hits="15" branch="True" condition-coverage="100% (2/2)">
              <conditions>
                <condition number="17" type="jump" coverage="100%" />
              </conditions>
            </line>
            <line number="17" hits="10" branch="True" condition-coverage="100% (2/2)">
              <conditions>
                <condition number="29" type="jump" coverage="100%" />
              </conditions>
            </line>
            <line number="18" hits="9" branch="True" condition-coverage="100% (2/2)">
              <conditions>
                <condition number="56" type="jump" coverage="100%" />
              </conditions>
            </line>
            <line number="19" hits="7" branch="False" />
            <line number="20" hits="12" branch="False" />
            <line number="23" hits="4" branch="False" />
            <line number="26" hits="5" branch="True" condition-coverage="100% (2/2)">
              <conditions>
                <condition number="1" type="jump" coverage="100%" />
              </conditions>
            </line>
            <line number="29" hits="2" branch="False" />
            <line number="7" hits="963" branch="False" />
            <line number="9" hits="15" branch="False" />
            <line number="10" hits="15" branch="False" />
            <line number="11" hits="15" branch="False" />
            <line number="12" hits="15" branch="False" />
          </lines>
        </class>
        <class name="MechanicsSoftware.Domain.Shared.Money" filename="MechanicsSoftware.Domain/Shared/Money.cs" line-rate="0.9444" branch-rate="1" complexity="7">
          <methods>
            <method name="Add" signature="(MechanicsSoftware.Domain.Shared.Money)" line-rate="1" branch-rate="1" complexity="1">
              <lines>
                <line number="15" hits="55" branch="False" />
              </lines>
            </method>
            <method name="Multiply" signature="(System.Int32)" line-rate="1" branch-rate="1" complexity="2">
              <lines>
                <line number="18" hits="31" branch="False" />
                <line number="19" hits="31" branch="True" condition-coverage="100% (2/2)">
                  <conditions>
                    <condition number="7" type="jump" coverage="100%" />
                  </conditions>
                </line>
                <line number="20" hits="1" branch="False" />
                <line number="21" hits="30" branch="False" />
                <line number="22" hits="30" branch="False" />
              </lines>
            </method>
            <method name="ToFormatted" signature="()" line-rate="1" branch-rate="1" complexity="1">
              <lines>
                <line number="25" hits="16" branch="False" />
                <line number="26" hits="16" branch="False" />
                <line number="27" hits="16" branch="False" />
                <line number="28" hits="16" branch="False" />
                <line number="29" hits="16" branch="False" />
              </lines>
            </method>
            <method name="ToString" signature="()" line-rate="0" branch-rate="1" complexity="1">
              <lines>
                <line number="36" hits="0" branch="False" />
              </lines>
            </method>
            <method name=".ctor" signature="(System.Int32)" line-rate="1" branch-rate="1" complexity="2">
              <lines>
                <line number="8" hits="243" branch="False" />
                <line number="9" hits="243" branch="False" />
                <line number="10" hits="243" branch="True" condition-coverage="100% (2/2)">
                  <conditions>
                    <condition number="14" type="jump" coverage="100%" />
                  </conditions>
                </line>
                <line number="11" hits="2" branch="False" />
                <line number="12" hits="241" branch="False" />
                <line number="13" hits="241" branch="False" />
              </lines>
            </method>
          </methods>
          <lines>
            <line number="15" hits="55" branch="False" />
            <line number="18" hits="31" branch="False" />
            <line number="19" hits="31" branch="True" condition-coverage="100% (2/2)">
              <conditions>
                <condition number="7" type="jump" coverage="100%" />
              </conditions>
            </line>
            <line number="20" hits="1" branch="False" />
            <line number="21" hits="30" branch="False" />
            <line number="22" hits="30" branch="False" />
            <line number="25" hits="16" branch="False" />
            <line number="26" hits="16" branch="False" />
            <line number="27" hits="16" branch="False" />
            <line number="28" hits="16" branch="False" />
            <line number="29" hits="16" branch="False" />
            <line number="36" hits="0" branch="False" />
            <line number="8" hits="243" branch="False" />
            <line number="9" hits="243" branch="False" />
            <line number="10" hits="243" branch="True" condition-coverage="100% (2/2)">
              <conditions>
                <condition number="14" type="jump" coverage="100%" />
              </conditions>
            </line>
            <line number="11" hits="2" branch="False" />
            <line number="12" hits="241" branch="False" />
            <line number="13" hits="241" branch="False" />
          </lines>
        </class>
        <class name="MechanicsSoftware.Domain.Shared.ValueObject" filename="MechanicsSoftware.Domain/Shared/ValueObject.cs" line-rate="1" branch-rate="0.5" complexity="8">
          <methods>
            <method name="Equals" signature="(System.Object)" line-rate="1" branch-rate="0.5" complexity="4">
              <lines>
                <line number="8" hits="30" branch="False" />
                <line number="9" hits="30" branch="True" condition-coverage="50% (2/4)">
                  <conditions>
                    <condition number="2" type="jump" coverage="50%" />
                    <condition number="26" type="jump" coverage="50%" />
                  </conditions>
                </line>
                <line number="10" hits="30" branch="False" />
                <line number="11" hits="30" branch="False" />
                <line number="12" hits="30" branch="False" />
              </lines>
            </method>
            <method name="GetHashCode" signature="()" line-rate="1" branch-rate="1" complexity="1">
              <lines>
                <line number="15" hits="6" branch="False" />
                <line number="16" hits="6" branch="False" />
              </lines>
            </method>
            <method name="op_Equality" signature="(MechanicsSoftware.Domain.Shared.ValueObject,MechanicsSoftware.Domain.Shared.ValueObject)" line-rate="1" branch-rate="0.5" complexity="2">
              <lines>
                <line number="19" hits="16" branch="True" condition-coverage="50% (1/2)">
                  <conditions>
                    <condition number="1" type="jump" coverage="50%" />
                  </conditions>
                </line>
              </lines>
            </method>
            <method name="op_Inequality" signature="(MechanicsSoftware.Domain.Shared.ValueObject,MechanicsSoftware.Domain.Shared.ValueObject)" line-rate="1" branch-rate="1" complexity="1">
              <lines>
                <line number="22" hits="5" branch="False" />
              </lines>
            </method>
          </methods>
          <lines>
            <line number="8" hits="30" branch="False" />
            <line number="9" hits="30" branch="True" condition-coverage="50% (2/4)">
              <conditions>
                <condition number="2" type="jump" coverage="50%" />
                <condition number="26" type="jump" coverage="50%" />
              </conditions>
            </line>
            <line number="10" hits="30" branch="False" />
            <line number="11" hits="30" branch="False" />
            <line number="12" hits="30" branch="False" />
            <line number="15" hits="6" branch="False" />
            <line number="16" hits="6" branch="False" />
            <line number="19" hits="16" branch="True" condition-coverage="50% (1/2)">
              <conditions>
                <condition number="1" type="jump" coverage="50%" />
              </conditions>
            </line>
            <line number="22" hits="5" branch="False" />
          </lines>
        </class>
        <class name="MechanicsSoftware.Domain.Services.Service" filename="MechanicsSoftware.Domain/Services/Service.cs" line-rate="1" branch-rate="1" complexity="11">
          <methods>
            <method name="Create" signature="(System.Guid,System.String,System.String,MechanicsSoftware.Domain.Shared.Money,System.Int32)" line-rate="1" branch-rate="1" complexity="10">
              <lines>
                <line number="20" hits="17" branch="False" />
                <line number="21" hits="17" branch="True" condition-coverage="100% (2/2)">
                  <conditions>
                    <condition number="14" type="jump" coverage="100%" />
                  </conditions>
                </line>
                <line number="22" hits="1" branch="False" />
                <line number="24" hits="16" branch="True" condition-coverage="100% (2/2)">
                  <conditions>
                    <condition number="35" type="jump" coverage="100%" />
                  </conditions>
                </line>
                <line number="25" hits="3" branch="False" />
                <line number="27" hits="13" branch="True" condition-coverage="100% (2/2)">
                  <conditions>
                    <condition number="54" type="jump" coverage="100%" />
                  </conditions>
                </line>
                <line number="28" hits="1" branch="False" />
                <line number="30" hits="12" branch="True" condition-coverage="100% (2/2)">
                  <conditions>
                    <condition number="77" type="jump" coverage="100%" />
                  </conditions>
                </line>
                <line number="31" hits="3" branch="False" />
                <line number="33" hits="9" branch="True" condition-coverage="100% (2/2)">
                  <conditions>
                    <condition number="118" type="jump" coverage="100%" />
                  </conditions>
                </line>
                <line number="34" hits="9" branch="False" />
                <line number="35" hits="9" branch="False" />
                <line number="36" hits="9" branch="False" />
                <line number="37" hits="9" branch="False" />
                <line number="38" hits="9" branch="False" />
                <line number="39" hits="9" branch="False" />
                <line number="40" hits="9" branch="False" />
                <line number="41" hits="9" branch="False" />
              </lines>
            </method>
            <method name=".ctor" signature="()" line-rate="1" branch-rate="1" complexity="1">
              <lines>
                <line number="12" hits="27" branch="False" />
              </lines>
            </method>
          </methods>
          <lines>
            <line number="20" hits="17" branch="False" />
            <line number="21" hits="17" branch="True" condition-coverage="100% (2/2)">
              <conditions>
                <condition number="14" type="jump" coverage="100%" />
              </conditions>
            </line>
            <line number="22" hits="1" branch="False" />
            <line number="24" hits="16" branch="True" condition-coverage="100% (2/2)">
              <conditions>
                <condition number="35" type="jump" coverage="100%" />
              </conditions>
            </line>
            <line number="25" hits="3" branch="False" />
            <line number="27" hits="13" branch="True" condition-coverage="100% (2/2)">
              <conditions>
                <condition number="54" type="jump" coverage="100%" />
              </conditions>
            </line>
            <line number="28" hits="1" branch="False" />
            <line number="30" hits="12" branch="True" condition-coverage="100% (2/2)">
              <conditions>
                <condition number="77" type="jump" coverage="100%" />
              </conditions>
            </line>
            <line number="31" hits="3" branch="False" />
            <line number="33" hits="9" branch="True" condition-coverage="100% (2/2)">
              <conditions>
                <condition number="118" type="jump" coverage="100%" />
              </conditions>
            </line>
            <line number="34" hits="9" branch="False" />
            <line number="35" hits="9" branch="False" />
            <line number="36" hits="9" branch="False" />
            <line number="37" hits="9" branch="False" />
            <line number="38" hits="9" branch="False" />
            <line number="39" hits="9" branch="False" />
            <line number="40" hits="9" branch="False" />
            <line number="41" hits="9" branch="False" />
            <line number="12" hits="27" branch="False" />
          </lines>
        </class>
        <class name="MechanicsSoftware.Domain.ServiceOrders.Budget" filename="MechanicsSoftware.Domain/ServiceOrders/Budget.cs" line-rate="0.9473" branch-rate="0.5" complexity="5">
          <methods>
            <method name="Create" signature="(System.Guid,MechanicsSoftware.Domain.Shared.Money)" line-rate="0.9166" branch-rate="0.5" complexity="2">
              <lines>
                <line number="15" hits="26" branch="False" />
                <line number="16" hits="26" branch="True" condition-coverage="50% (1/2)">
                  <conditions>
                    <condition number="7" type="jump" coverage="50%" />
                  </conditions>
                </line>
                <line number="17" hits="0" branch="False" />
                <line number="19" hits="26" branch="False" />
                <line number="20" hits="26" branch="False" />
                <line number="21" hits="26" branch="False" />
                <line number="22" hits="26" branch="False" />
                <line number="23" hits="26" branch="False" />
                <line number="24" hits="26" branch="False" />
                <line number="25" hits="26" branch="False" />
                <line number="26" hits="26" branch="False" />
                <line number="27" hits="26" branch="False" />
              </lines>
            </method>
            <method name="Approve" signature="()" line-rate="1" branch-rate="1" complexity="1">
              <lines>
                <line number="30" hits="12" branch="False" />
                <line number="31" hits="12" branch="False" />
                <line number="32" hits="12" branch="False" />
              </lines>
            </method>
            <method name="Reject" signature="()" line-rate="1" branch-rate="1" complexity="1">
              <lines>
                <line number="35" hits="5" branch="False" />
                <line number="36" hits="5" branch="False" />
                <line number="37" hits="5" branch="False" />
              </lines>
            </method>
            <method name=".ctor" signature="()" line-rate="1" branch-rate="1" complexity="1">
              <lines>
                <line number="12" hits="102" branch="False" />
              </lines>
            </method>
          </methods>
          <lines>
            <line number="15" hits="26" branch="False" />
            <line number="16" hits="26" branch="True" condition-coverage="50% (1/2)">
              <conditions>
                <condition number="7" type="jump" coverage="50%" />
              </conditions>
            </line>
            <line number="17" hits="0" branch="False" />
            <line number="19" hits="26" branch="False" />
            <line number="20" hits="26" branch="False" />
            <line number="21" hits="26" branch="False" />
            <line number="22" hits="26" branch="False" />
            <line number="23" hits="26" branch="False" />
            <line number="24" hits="26" branch="False" />
            <line number="25" hits="26" branch="False" />
            <line number="26" hits="26" branch="False" />
            <line number="27" hits="26" branch="False" />
            <line number="30" hits="12" branch="False" />
            <line number="31" hits="12" branch="False" />
            <line number="32" hits="12" branch="False" />
            <line number="35" hits="5" branch="False" />
            <line number="36" hits="5" branch="False" />
            <line number="37" hits="5" branch="False" />
            <line number="12" hits="102" branch="False" />
          </lines>
        </class>
        <class name="MechanicsSoftware.Domain.ServiceOrders.BudgetStatus" filename="MechanicsSoftware.Domain/ServiceOrders/BudgetStatus.cs" line-rate="0.909" branch-rate="0.7857" complexity="17">
          <methods>
            <method name="get_Value" signature="()" line-rate="1" branch-rate="1" complexity="1">
              <lines>
                <line number="14" hits="81" branch="False" />
              </lines>
            </method>
            <method name="TransitionTo" signature="(MechanicsSoftware.Domain.ServiceOrders.BudgetStatus/Status)" line-rate="0.9166" branch-rate="0.8" complexity="10">
              <lines>
                <line number="17" hits="24" branch="False" />
                <line number="18" hits="24" branch="True" condition-coverage="100% (2/2)">
                  <conditions>
                    <condition number="12" type="jump" coverage="100%" />
                  </conditions>
                </line>
                <line number="19" hits="1" branch="False" />
                <line number="21" hits="23" branch="True" condition-coverage="75% (6/8)">
                  <conditions>
                    <condition number="111" type="switch" coverage="75%" />
                    <condition number="132" type="jump" coverage="100%" />
                    <condition number="138" type="jump" coverage="50%" />
                  </conditions>
                </line>
                <line number="22" hits="23" branch="False" />
                <line number="23" hits="13" branch="False" />
                <line number="24" hits="6" branch="False" />
                <line number="25" hits="2" branch="False" />
                <line number="26" hits="2" branch="False" />
                <line number="27" hits="0" branch="False" />
                <line number="28" hits="23" branch="False" />
                <line number="29" hits="19" branch="False" />
              </lines>
            </method>
            <method name="ToString" signature="()" line-rate="0.8571" branch-rate="0.75" complexity="4">
              <lines>
                <line number="36" hits="13" branch="True" condition-coverage="75% (3/4)">
                  <conditions>
                    <condition number="12" type="switch" coverage="75%" />
                  </conditions>
                </line>
                <line number="37" hits="13" branch="False" />
                <line number="38" hits="5" branch="False" />
                <line number="39" hits="5" branch="False" />
                <line number="40" hits="3" branch="False" />
                <line number="41" hits="0" branch="False" />
                <line number="42" hits="13" branch="False" />
              </lines>
            </method>
            <method name="CreatePending" signature="()" line-rate="1" branch-rate="1" complexity="1">
              <lines>
                <line number="44" hits="37" branch="False" />
              </lines>
            </method>
            <method name=".ctor" signature="(MechanicsSoftware.Domain.ServiceOrders.BudgetStatus/Status)" line-rate="1" branch-rate="1" complexity="1">
              <lines>
                <line number="5" hits="74" branch="False" />
              </lines>
            </method>
          </methods>
          <lines>
            <line number="14" hits="81" branch="False" />
            <line number="17" hits="24" branch="False" />
            <line number="18" hits="24" branch="True" condition-coverage="100% (2/2)">
              <conditions>
                <condition number="12" type="jump" coverage="100%" />
              </conditions>
            </line>
            <line number="19" hits="1" branch="False" />
            <line number="21" hits="23" branch="True" condition-coverage="75% (6/8)">
              <conditions>
                <condition number="111" type="switch" coverage="75%" />
                <condition number="132" type="jump" coverage="100%" />
                <condition number="138" type="jump" coverage="50%" />
              </conditions>
            </line>
            <line number="22" hits="23" branch="False" />
            <line number="23" hits="13" branch="False" />
            <line number="24" hits="6" branch="False" />
            <line number="25" hits="2" branch="False" />
            <line number="26" hits="2" branch="False" />
            <line number="27" hits="0" branch="False" />
            <line number="28" hits="23" branch="False" />
            <line number="29" hits="19" branch="False" />
            <line number="36" hits="13" branch="True" condition-coverage="75% (3/4)">
              <conditions>
                <condition number="12" type="switch" coverage="75%" />
              </conditions>
            </line>
            <line number="37" hits="13" branch="False" />
            <line number="38" hits="5" branch="False" />
            <line number="39" hits="5" branch="False" />
            <line number="40" hits="3" branch="False" />
            <line number="41" hits="0" branch="False" />
            <line number="42" hits="13" branch="False" />
            <line number="44" hits="37" branch="False" />
            <line number="5" hits="74" branch="False" />
          </lines>
        </class>
        <class name="MechanicsSoftware.Domain.ServiceOrders.InvalidStatusTransitionException" filename="MechanicsSoftware.Domain/ServiceOrders/InvalidStatusTransitionException.cs" line-rate="1" branch-rate="1" complexity="1">
          <methods>
            <method name=".ctor" signature="(MechanicsSoftware.Domain.ServiceOrders.ServiceOrderStatus,MechanicsSoftware.Domain.ServiceOrders.ServiceOrderStatus)" line-rate="1" branch-rate="1" complexity="1">
              <lines>
                <line number="8" hits="10" branch="False" />
                <line number="9" hits="10" branch="False" />
                <line number="10" hits="10" branch="False" />
              </lines>
            </method>
          </methods>
          <lines>
            <line number="8" hits="10" branch="False" />
            <line number="9" hits="10" branch="False" />
            <line number="10" hits="10" branch="False" />
          </lines>
        </class>
        <class name="MechanicsSoftware.Domain.ServiceOrders.PartItem" filename="MechanicsSoftware.Domain/ServiceOrders/PartItem.cs" line-rate="1" branch-rate="0.9" complexity="11">
          <methods>
            <method name="get_Total" signature="()" line-rate="1" branch-rate="0.5" complexity="2">
              <lines>
                <line number="20" hits="2" branch="True" condition-coverage="50% (1/2)">
                  <conditions>
                    <condition number="6" type="jump" coverage="50%" />
                  </conditions>
                </line>
                <line number="21" hits="2" branch="False" />
                <line number="22" hits="2" branch="False" />
              </lines>
            </method>
            <method name="Create" signature="(System.Guid,System.Guid,System.String,MechanicsSoftware.Domain.Shared.Money,System.Int32,MechanicsSoftware.Domain.ServiceOrders.PartAvailability)" line-rate="1" branch-rate="1" complexity="8">
              <lines>
                <line number="33" hits="12" branch="False" />
                <line number="34" hits="12" branch="True" condition-coverage="100% (2/2)">
                  <conditions>
                    <condition number="14" type="jump" coverage="100%" />
                  </conditions>
                </line>
                <line number="35" hits="1" branch="False" />
                <line number="37" hits="11" branch="True" condition-coverage="100% (2/2)">
                  <conditions>
                    <condition number="35" type="jump" coverage="100%" />
                  </conditions>
                </line>
                <line number="38" hits="2" branch="False" />
                <line number="40" hits="9" branch="True" condition-coverage="100% (2/2)">
                  <conditions>
                    <condition number="54" type="jump" coverage="100%" />
                  </conditions>
                </line>
                <line number="41" hits="1" branch="False" />
                <line number="43" hits="8" branch="True" condition-coverage="100% (2/2)">
                  <conditions>
                    <condition number="77" type="jump" coverage="100%" />
                  </conditions>
                </line>
                <line number="44" hits="1" branch="False" />
                <line number="46" hits="7" branch="False" />
                <line number="47" hits="7" branch="False" />
                <line number="48" hits="7" branch="False" />
                <line number="49" hits="7" branch="False" />
                <line number="50" hits="7" branch="False" />
                <line number="51" hits="7" branch="False" />
                <line number="52" hits="7" branch="False" />
                <line number="53" hits="7" branch="False" />
                <line number="54" hits="7" branch="False" />
                <line number="55" hits="7" branch="False" />
                <line number="56" hits="7" branch="False" />
              </lines>
            </method>
            <method name=".ctor" signature="()" line-rate="1" branch-rate="1" complexity="1">
              <lines>
                <line number="24" hits="21" branch="False" />
              </lines>
            </method>
          </methods>
          <lines>
            <line number="20" hits="2" branch="True" condition-coverage="50% (1/2)">
              <conditions>
                <condition number="6" type="jump" coverage="50%" />
              </conditions>
            </line>
            <line number="21" hits="2" branch="False" />
            <line number="22" hits="2" branch="False" />
            <line number="33" hits="12" branch="False" />
            <line number="34" hits="12" branch="True" condition-coverage="100% (2/2)">
              <conditions>
                <condition number="14" type="jump" coverage="100%" />
              </conditions>
            </line>
            <line number="35" hits="1" branch="False" />
            <line number="37" hits="11" branch="True" condition-coverage="100% (2/2)">
              <conditions>
                <condition number="35" type="jump" coverage="100%" />
              </conditions>
            </line>
            <line number="38" hits="2" branch="False" />
            <line number="40" hits="9" branch="True" condition-coverage="100% (2/2)">
              <conditions>
                <condition number="54" type="jump" coverage="100%" />
              </conditions>
            </line>
            <line number="41" hits="1" branch="False" />
            <line number="43" hits="8" branch="True" condition-coverage="100% (2/2)">
              <conditions>
                <condition number="77" type="jump" coverage="100%" />
              </conditions>
            </line>
            <line number="44" hits="1" branch="False" />
            <line number="46" hits="7" branch="False" />
            <line number="47" hits="7" branch="False" />
            <line number="48" hits="7" branch="False" />
            <line number="49" hits="7" branch="False" />
            <line number="50" hits="7" branch="False" />
            <line number="51" hits="7" branch="False" />
            <line number="52" hits="7" branch="False" />
            <line number="53" hits="7" branch="False" />
            <line number="54" hits="7" branch="False" />
            <line number="55" hits="7" branch="False" />
            <line number="56" hits="7" branch="False" />
            <line number="24" hits="21" branch="False" />
          </lines>
        </class>
        <class name="MechanicsSoftware.Domain.ServiceOrders.ServiceItem" filename="MechanicsSoftware.Domain/ServiceOrders/ServiceItem.cs" line-rate="1" branch-rate="1" complexity="10">
          <methods>
            <method name="get_Total" signature="()" line-rate="1" branch-rate="1" complexity="1">
              <lines>
                <line number="12" hits="26" branch="False" />
              </lines>
            </method>
            <method name="Create" signature="(System.Guid,System.Guid,System.String,MechanicsSoftware.Domain.Shared.Money,System.Int32)" line-rate="1" branch-rate="1" complexity="8">
              <lines>
                <line number="22" hits="33" branch="False" />
                <line number="23" hits="33" branch="True" condition-coverage="100% (2/2)">
                  <conditions>
                    <condition number="14" type="jump" coverage="100%" />
                  </conditions>
                </line>
                <line number="24" hits="1" branch="False" />
                <line number="26" hits="32" branch="True" condition-coverage="100% (2/2)">
                  <conditions>
                    <condition number="35" type="jump" coverage="100%" />
                  </conditions>
                </line>
                <line number="27" hits="2" branch="False" />
                <line number="29" hits="30" branch="True" condition-coverage="100% (2/2)">
                  <conditions>
                    <condition number="54" type="jump" coverage="100%" />
                  </conditions>
                </line>
                <line number="30" hits="1" branch="False" />
                <line number="32" hits="29" branch="True" condition-coverage="100% (2/2)">
                  <conditions>
                    <condition number="77" type="jump" coverage="100%" />
                  </conditions>
                </line>
                <line number="33" hits="1" branch="False" />
                <line number="35" hits="28" branch="False" />
                <line number="36" hits="28" branch="False" />
                <line number="37" hits="28" branch="False" />
                <line number="38" hits="28" branch="False" />
                <line number="39" hits="28" branch="False" />
                <line number="40" hits="28" branch="False" />
                <line number="41" hits="28" branch="False" />
                <line number="42" hits="28" branch="False" />
                <line number="43" hits="28" branch="False" />
                <line number="44" hits="28" branch="False" />
              </lines>
            </method>
            <method name=".ctor" signature="()" line-rate="1" branch-rate="1" complexity="1">
              <lines>
                <line number="14" hits="108" branch="False" />
              </lines>
            </method>
          </methods>
          <lines>
            <line number="12" hits="26" branch="False" />
            <line number="22" hits="33" branch="False" />
            <line number="23" hits="33" branch="True" condition-coverage="100% (2/2)">
              <conditions>
                <condition number="14" type="jump" coverage="100%" />
              </conditions>
            </line>
            <line number="24" hits="1" branch="False" />
            <line number="26" hits="32" branch="True" condition-coverage="100% (2/2)">
              <conditions>
                <condition number="35" type="jump" coverage="100%" />
              </conditions>
            </line>
            <line number="27" hits="2" branch="False" />
            <line number="29" hits="30" branch="True" condition-coverage="100% (2/2)">
              <conditions>
                <condition number="54" type="jump" coverage="100%" />
              </conditions>
            </line>
            <line number="30" hits="1" branch="False" />
            <line number="32" hits="29" branch="True" condition-coverage="100% (2/2)">
              <conditions>
                <condition number="77" type="jump" coverage="100%" />
              </conditions>
            </line>
            <line number="33" hits="1" branch="False" />
            <line number="35" hits="28" branch="False" />
            <line number="36" hits="28" branch="False" />
            <line number="37" hits="28" branch="False" />
            <line number="38" hits="28" branch="False" />
            <line number="39" hits="28" branch="False" />
            <line number="40" hits="28" branch="False" />
            <line number="41" hits="28" branch="False" />
            <line number="42" hits="28" branch="False" />
            <line number="43" hits="28" branch="False" />
            <line number="44" hits="28" branch="False" />
            <line number="14" hits="108" branch="False" />
          </lines>
        </class>
        <class name="MechanicsSoftware.Domain.ServiceOrders.ServiceOrder" filename="MechanicsSoftware.Domain/ServiceOrders/ServiceOrder.cs" line-rate="1" branch-rate="1" complexity="26">
          <methods>
            <method name="get_ServiceItems" signature="()" line-rate="1" branch-rate="1" complexity="1">
              <lines>
                <line number="17" hits="2" branch="False" />
              </lines>
            </method>
            <method name="get_PartItems" signature="()" line-rate="1" branch-rate="1" complexity="1">
              <lines>
                <line number="18" hits="1" branch="False" />
              </lines>
            </method>
            <method name="Create" signature="(System.Guid,System.Guid,System.Guid)" line-rate="1" branch-rate="1" complexity="4">
              <lines>
                <line number="23" hits="54" branch="False" />
                <line number="24" hits="54" branch="True" condition-coverage="100% (2/2)">
                  <conditions>
                    <condition number="14" type="jump" coverage="100%" />
                  </conditions>
                </line>
                <line number="25" hits="1" branch="False" />
                <line number="27" hits="53" branch="True" condition-coverage="100% (2/2)">
                  <conditions>
                    <condition number="40" type="jump" coverage="100%" />
                  </conditions>
                </line>
                <line number="28" hits="1" branch="False" />
                <line number="30" hits="52" branch="False" />
                <line number="31" hits="52" branch="False" />
                <line number="32" hits="52" branch="False" />
                <line number="33" hits="52" branch="False" />
                <line number="34" hits="52" branch="False" />
                <line number="35" hits="52" branch="False" />
                <line number="36" hits="52" branch="False" />
                <line number="37" hits="52" branch="False" />
                <line number="38" hits="52" branch="False" />
              </lines>
            </method>
            <method name="StartDiagnosis" signature="()" line-rate="1" branch-rate="1" complexity="1">
              <lines>
                <line number="41" hits="48" branch="False" />
                <line number="42" hits="48" branch="False" />
                <line number="43" hits="47" branch="False" />
              </lines>
            </method>
            <method name="SendBudget" signature="()" line-rate="1" branch-rate="1" complexity="2">
              <lines>
                <line number="46" hits="22" branch="False" />
                <line number="47" hits="22" branch="True" condition-coverage="100% (2/2)">
                  <conditions>
                    <condition number="12" type="jump" coverage="100%" />
                  </conditions>
                </line>
                <line number="48" hits="1" branch="False" />
                <line number="50" hits="21" branch="False" />
                <line number="51" hits="21" branch="False" />
              </lines>
            </method>
            <method name="Approve" signature="()" line-rate="1" branch-rate="1" complexity="2">
              <lines>
                <line number="54" hits="13" branch="False" />
                <line number="55" hits="13" branch="True" condition-coverage="100% (2/2)">
                  <conditions>
                    <condition number="12" type="jump" coverage="100%" />
                  </conditions>
                </line>
                <line number="56" hits="1" branch="False" />
                <line number="58" hits="12" branch="False" />
                <line number="59" hits="12" branch="False" />
                <line number="60" hits="12" branch="False" />
              </lines>
            </method>
            <method name="Reject" signature="()" line-rate="1" branch-rate="1" complexity="2">
              <lines>
                <line number="63" hits="6" branch="False" />
                <line number="64" hits="6" branch="True" condition-coverage="100% (2/2)">
                  <conditions>
                    <condition number="12" type="jump" coverage="100%" />
                  </conditions>
                </line>
                <line number="65" hits="1" branch="False" />
                <line number="67" hits="5" branch="False" />
                <line number="68" hits="5" branch="False" />
                <line number="69" hits="5" branch="False" />
              </lines>
            </method>
            <method name="StartExecution" signature="()" line-rate="1" branch-rate="1" complexity="2">
              <lines>
                <line number="72" hits="3" branch="False" />
                <line number="73" hits="3" branch="True" condition-coverage="100% (2/2)">
                  <conditions>
                    <condition number="18" type="jump" coverage="100%" />
                  </conditions>
                </line>
                <line number="74" hits="1" branch="False" />
                <line number="75" hits="1" branch="False" />
                <line number="76" hits="2" branch="False" />
              </lines>
            </method>
            <method name="Complete" signature="()" line-rate="1" branch-rate="1" complexity="1">
              <lines>
                <line number="79" hits="7" branch="False" />
                <line number="80" hits="7" branch="False" />
                <line number="81" hits="6" branch="False" />
              </lines>
            </method>
            <method name="Deliver" signature="()" line-rate="1" branch-rate="1" complexity="1">
              <lines>
                <line number="84" hits="5" branch="False" />
                <line number="85" hits="5" branch="False" />
                <line number="86" hits="4" branch="False" />
                <line number="87" hits="4" branch="False" />
              </lines>
            </method>
            <method name="AddServiceItem" signature="(System.Guid,System.String,MechanicsSoftware.Domain.Shared.Money,System.Int32)" line-rate="1" branch-rate="1" complexity="1">
              <lines>
                <line number="94" hits="34" branch="False" />
                <line number="95" hits="34" branch="False" />
                <line number="97" hits="33" branch="False" />
                <line number="98" hits="28" branch="False" />
                <line number="99" hits="28" branch="False" />
                <line number="100" hits="28" branch="False" />
              </lines>
            </method>
            <method name="AddPartItem" signature="(System.Guid,System.String,MechanicsSoftware.Domain.Shared.Money,System.Int32,MechanicsSoftware.Domain.ServiceOrders.PartAvailability)" line-rate="1" branch-rate="1" complexity="1">
              <lines>
                <line number="108" hits="13" branch="False" />
                <line number="109" hits="13" branch="False" />
                <line number="111" hits="12" branch="False" />
                <line number="112" hits="7" branch="False" />
                <line number="113" hits="7" branch="False" />
                <line number="114" hits="7" branch="False" />
              </lines>
            </method>
            <method name="GenerateBudget" signature="()" line-rate="1" branch-rate="1" complexity="4">
              <lines>
                <line number="117" hits="29" branch="False" />
                <line number="119" hits="29" branch="True" condition-coverage="100% (2/2)">
                  <conditions>
                    <condition number="17" type="jump" coverage="100%" />
                  </conditions>
                </line>
                <line number="120" hits="1" branch="False" />
                <line number="122" hits="28" branch="False" />
                <line number="124" hits="27" branch="False" />
                <line number="125" hits="27" branch="True" condition-coverage="100% (2/2)">
                  <conditions>
                    <condition number="57" type="jump" coverage="100%" />
                  </conditions>
                </line>
                <line number="126" hits="1" branch="False" />
                <line number="127" hits="1" branch="False" />
                <line number="129" hits="26" branch="False" />
                <line number="130" hits="26" branch="False" />
                <line number="132" hits="26" branch="False" />
                <line number="133" hits="26" branch="False" />
                <line number="134" hits="26" branch="False" />
                <line number="136" hits="26" branch="False" />
                <line number="138" hits="26" branch="False" />
                <line number="139" hits="26" branch="False" />
                <line number="140" hits="26" branch="False" />
              </lines>
            </method>
            <method name="EnsureInDiagnosis" signature="()" line-rate="1" branch-rate="1" complexity="2">
              <lines>
                <line number="143" hits="75" branch="False" />
                <line number="144" hits="75" branch="True" condition-coverage="100% (2/2)">
                  <conditions>
                    <condition number="18" type="jump" coverage="100%" />
                  </conditions>
                </line>
                <line number="145" hits="3" branch="False" />
                <line number="146" hits="3" branch="False" />
                <line number="147" hits="3" branch="False" />
                <line number="148" hits="72" branch="False" />
              </lines>
            </method>
            <method name=".ctor" signature="()" line-rate="1" branch-rate="1" complexity="1">
              <lines>
                <line number="7" hits="62" branch="False" />
                <line number="8" hits="62" branch="False" />
                <line number="20" hits="186" branch="False" />
              </lines>
            </method>
          </methods>
          <lines>
            <line number="17" hits="2" branch="False" />
            <line number="18" hits="1" branch="False" />
            <line number="23" hits="54" branch="False" />
            <line number="24" hits="54" branch="True" condition-coverage="100% (2/2)">
              <conditions>
                <condition number="14" type="jump" coverage="100%" />
              </conditions>
            </line>
            <line number="25" hits="1" branch="False" />
            <line number="27" hits="53" branch="True" condition-coverage="100% (2/2)">
              <conditions>
                <condition number="40" type="jump" coverage="100%" />
              </conditions>
            </line>
            <line number="28" hits="1" branch="False" />
            <line number="30" hits="52" branch="False" />
            <line number="31" hits="52" branch="False" />
            <line number="32" hits="52" branch="False" />
            <line number="33" hits="52" branch="False" />
            <line number="34" hits="52" branch="False" />
            <line number="35" hits="52" branch="False" />
            <line number="36" hits="52" branch="False" />
            <line number="37" hits="52" branch="False" />
            <line number="38" hits="52" branch="False" />
            <line number="41" hits="48" branch="False" />
            <line number="42" hits="48" branch="False" />
            <line number="43" hits="47" branch="False" />
            <line number="46" hits="22" branch="False" />
            <line number="47" hits="22" branch="True" condition-coverage="100% (2/2)">
              <conditions>
                <condition number="12" type="jump" coverage="100%" />
              </conditions>
            </line>
            <line number="48" hits="1" branch="False" />
            <line number="50" hits="21" branch="False" />
            <line number="51" hits="21" branch="False" />
            <line number="54" hits="13" branch="False" />
            <line number="55" hits="13" branch="True" condition-coverage="100% (2/2)">
              <conditions>
                <condition number="12" type="jump" coverage="100%" />
              </conditions>
            </line>
            <line number="56" hits="1" branch="False" />
            <line number="58" hits="12" branch="False" />
            <line number="59" hits="12" branch="False" />
            <line number="60" hits="12" branch="False" />
            <line number="63" hits="6" branch="False" />
            <line number="64" hits="6" branch="True" condition-coverage="100% (2/2)">
              <conditions>
                <condition number="12" type="jump" coverage="100%" />
              </conditions>
            </line>
            <line number="65" hits="1" branch="False" />
            <line number="67" hits="5" branch="False" />
            <line number="68" hits="5" branch="False" />
            <line number="69" hits="5" branch="False" />
            <line number="72" hits="3" branch="False" />
            <line number="73" hits="3" branch="True" condition-coverage="100% (2/2)">
              <conditions>
                <condition number="18" type="jump" coverage="100%" />
              </conditions>
            </line>
            <line number="74" hits="1" branch="False" />
            <line number="75" hits="1" branch="False" />
            <line number="76" hits="2" branch="False" />
            <line number="79" hits="7" branch="False" />
            <line number="80" hits="7" branch="False" />
            <line number="81" hits="6" branch="False" />
            <line number="84" hits="5" branch="False" />
            <line number="85" hits="5" branch="False" />
            <line number="86" hits="4" branch="False" />
            <line number="87" hits="4" branch="False" />
            <line number="94" hits="34" branch="False" />
            <line number="95" hits="34" branch="False" />
            <line number="97" hits="33" branch="False" />
            <line number="98" hits="28" branch="False" />
            <line number="99" hits="28" branch="False" />
            <line number="100" hits="28" branch="False" />
            <line number="108" hits="13" branch="False" />
            <line number="109" hits="13" branch="False" />
            <line number="111" hits="12" branch="False" />
            <line number="112" hits="7" branch="False" />
            <line number="113" hits="7" branch="False" />
            <line number="114" hits="7" branch="False" />
            <line number="117" hits="29" branch="False" />
            <line number="119" hits="29" branch="True" condition-coverage="100% (2/2)">
              <conditions>
                <condition number="17" type="jump" coverage="100%" />
              </conditions>
            </line>
            <line number="120" hits="1" branch="False" />
            <line number="122" hits="28" branch="False" />
            <line number="124" hits="27" branch="False" />
            <line number="125" hits="27" branch="True" condition-coverage="100% (2/2)">
              <conditions>
                <condition number="57" type="jump" coverage="100%" />
              </conditions>
            </line>
            <line number="126" hits="1" branch="False" />
            <line number="127" hits="1" branch="False" />
            <line number="129" hits="26" branch="False" />
            <line number="130" hits="26" branch="False" />
            <line number="132" hits="26" branch="False" />
            <line number="133" hits="26" branch="False" />
            <line number="134" hits="26" branch="False" />
            <line number="136" hits="26" branch="False" />
            <line number="138" hits="26" branch="False" />
            <line number="139" hits="26" branch="False" />
            <line number="140" hits="26" branch="False" />
            <line number="143" hits="75" branch="False" />
            <line number="144" hits="75" branch="True" condition-coverage="100% (2/2)">
              <conditions>
                <condition number="18" type="jump" coverage="100%" />
              </conditions>
            </line>
            <line number="145" hits="3" branch="False" />
            <line number="146" hits="3" branch="False" />
            <line number="147" hits="3" branch="False" />
            <line number="148" hits="72" branch="False" />
            <line number="7" hits="62" branch="False" />
            <line number="8" hits="62" branch="False" />
            <line number="20" hits="186" branch="False" />
          </lines>
        </class>
        <class name="MechanicsSoftware.Domain.ServiceOrders.ServiceOrderStatus" filename="MechanicsSoftware.Domain/ServiceOrders/ServiceOrderStatus.cs" line-rate="0.9629000000000001" branch-rate="0.9615" complexity="30">
          <methods>
            <method name="get_Value" signature="()" line-rate="1" branch-rate="1" complexity="1">
              <lines>
                <line number="7" hits="150" branch="False" />
              </lines>
            </method>
            <method name="TransitionTo" signature="(MechanicsSoftware.Domain.ServiceOrders.ServiceOrderStatus/Status)" line-rate="1" branch-rate="1" complexity="18">
              <lines>
                <line number="25" hits="111" branch="False" />
                <line number="26" hits="111" branch="True" condition-coverage="100% (18/18)">
                  <conditions>
                    <condition number="13" type="switch" coverage="100%" />
                    <condition number="54" type="jump" coverage="100%" />
                    <condition number="42" type="jump" coverage="100%" />
                    <condition number="48" type="jump" coverage="100%" />
                    <condition number="60" type="jump" coverage="100%" />
                    <condition number="66" type="jump" coverage="100%" />
                    <condition number="72" type="jump" coverage="100%" />
                  </conditions>
                </line>
                <line number="27" hits="111" branch="False" />
                <line number="28" hits="48" branch="False" />
                <line number="29" hits="22" branch="False" />
                <line number="30" hits="13" branch="False" />
                <line number="31" hits="6" branch="False" />
                <line number="32" hits="7" branch="False" />
                <line number="33" hits="5" branch="False" />
                <line number="34" hits="10" branch="False" />
                <line number="35" hits="111" branch="False" />
                <line number="36" hits="101" branch="False" />
              </lines>
            </method>
            <method name="ToString" signature="()" line-rate="0.909" branch-rate="0.875" complexity="8">
              <lines>
                <line number="38" hits="41" branch="True" condition-coverage="87.5% (7/8)">
                  <conditions>
                    <condition number="12" type="switch" coverage="87.5%" />
                  </conditions>
                </line>
                <line number="39" hits="41" branch="False" />
                <line number="40" hits="8" branch="False" />
                <line number="41" hits="7" branch="False" />
                <line number="42" hits="4" branch="False" />
                <line number="43" hits="7" branch="False" />
                <line number="44" hits="5" branch="False" />
                <line number="45" hits="5" branch="False" />
                <line number="46" hits="5" branch="False" />
                <line number="47" hits="0" branch="False" />
                <line number="48" hits="41" branch="False" />
              </lines>
            </method>
            <method name="Is" signature="(MechanicsSoftware.Domain.ServiceOrders.ServiceOrderStatus/Status)" line-rate="1" branch-rate="1" complexity="1">
              <lines>
                <line number="50" hits="78" branch="False" />
              </lines>
            </method>
            <method name="CreateReceived" signature="()" line-rate="1" branch-rate="1" complexity="1">
              <lines>
                <line number="52" hits="60" branch="False" />
              </lines>
            </method>
            <method name=".ctor" signature="(MechanicsSoftware.Domain.ServiceOrders.ServiceOrderStatus/Status)" line-rate="1" branch-rate="1" complexity="1">
              <lines>
                <line number="5" hits="200" branch="False" />
              </lines>
            </method>
          </methods>
          <lines>
            <line number="7" hits="150" branch="False" />
            <line number="25" hits="111" branch="False" />
            <line number="26" hits="111" branch="True" condition-coverage="100% (18/18)">
              <conditions>
                <condition number="13" type="switch" coverage="100%" />
                <condition number="54" type="jump" coverage="100%" />
                <condition number="42" type="jump" coverage="100%" />
                <condition number="48" type="jump" coverage="100%" />
                <condition number="60" type="jump" coverage="100%" />
                <condition number="66" type="jump" coverage="100%" />
                <condition number="72" type="jump" coverage="100%" />
              </conditions>
            </line>
            <line number="27" hits="111" branch="False" />
            <line number="28" hits="48" branch="False" />
            <line number="29" hits="22" branch="False" />
            <line number="30" hits="13" branch="False" />
            <line number="31" hits="6" branch="False" />
            <line number="32" hits="7" branch="False" />
            <line number="33" hits="5" branch="False" />
            <line number="34" hits="10" branch="False" />
            <line number="35" hits="111" branch="False" />
            <line number="36" hits="101" branch="False" />
            <line number="38" hits="41" branch="True" condition-coverage="87.5% (7/8)">
              <conditions>
                <condition number="12" type="switch" coverage="87.5%" />
              </conditions>
            </line>
            <line number="39" hits="41" branch="False" />
            <line number="40" hits="8" branch="False" />
            <line number="41" hits="7" branch="False" />
            <line number="42" hits="4" branch="False" />
            <line number="43" hits="7" branch="False" />
            <line number="44" hits="5" branch="False" />
            <line number="45" hits="5" branch="False" />
            <line number="46" hits="5" branch="False" />
            <line number="47" hits="0" branch="False" />
            <line number="48" hits="41" branch="False" />
            <line number="50" hits="78" branch="False" />
            <line number="52" hits="60" branch="False" />
            <line number="5" hits="200" branch="False" />
          </lines>
        </class>
        <class name="MechanicsSoftware.Domain.Inventory.Part" filename="MechanicsSoftware.Domain/Inventory/Part.cs" line-rate="1" branch-rate="0.9736" complexity="42">
          <methods>
            <method name="get_Movements" signature="()" line-rate="1" branch-rate="1" complexity="1">
              <lines>
                <line number="16" hits="8" branch="False" />
              </lines>
            </method>
            <method name="get_AvailableQuantity" signature="()" line-rate="1" branch-rate="1" complexity="1">
              <lines>
                <line number="18" hits="31" branch="False" />
              </lines>
            </method>
            <method name="Create" signature="(System.Guid,System.String,System.String,System.String,MechanicsSoftware.Domain.Shared.Money,System.Int32)" line-rate="1" branch-rate="1" complexity="12">
              <lines>
                <line number="29" hits="50" branch="False" />
                <line number="30" hits="50" branch="True" condition-coverage="100% (2/2)">
                  <conditions>
                    <condition number="9" type="jump" coverage="100%" />
                  </conditions>
                </line>
                <line number="31" hits="2" branch="False" />
                <line number="33" hits="48" branch="True" condition-coverage="100% (2/2)">
                  <conditions>
                    <condition number="30" type="jump" coverage="100%" />
                  </conditions>
                </line>
                <line number="34" hits="2" branch="False" />
                <line number="36" hits="46" branch="True" condition-coverage="100% (2/2)">
                  <conditions>
                    <condition number="50" type="jump" coverage="100%" />
                  </conditions>
                </line>
                <line number="37" hits="1" branch="False" />
                <line number="39" hits="45" branch="True" condition-coverage="100% (2/2)">
                  <conditions>
                    <condition number="72" type="jump" coverage="100%" />
                  </conditions>
                </line>
                <line number="40" hits="1" branch="False" />
                <line number="42" hits="44" branch="True" condition-coverage="100% (2/2)">
                  <conditions>
                    <condition number="131" type="jump" coverage="100%" />
                  </conditions>
                </line>
                <line number="43" hits="44" branch="False" />
                <line number="44" hits="44" branch="False" />
                <line number="45" hits="44" branch="False" />
                <line number="46" hits="44" branch="False" />
                <line number="47" hits="44" branch="False" />
                <line number="48" hits="44" branch="False" />
                <line number="49" hits="44" branch="False" />
                <line number="50" hits="44" branch="False" />
                <line number="52" hits="44" branch="True" condition-coverage="100% (2/2)">
                  <conditions>
                    <condition number="176" type="jump" coverage="100%" />
                  </conditions>
                </line>
                <line number="53" hits="39" branch="False" />
                <line number="55" hits="44" branch="False" />
                <line number="56" hits="44" branch="False" />
              </lines>
            </method>
            <method name="Reserve" signature="(System.Int32,System.Guid)" line-rate="1" branch-rate="1" complexity="6">
              <lines>
                <line number="59" hits="17" branch="False" />
                <line number="60" hits="17" branch="True" condition-coverage="100% (2/2)">
                  <conditions>
                    <condition number="10" type="jump" coverage="100%" />
                  </conditions>
                </line>
                <line number="61" hits="1" branch="False" />
                <line number="63" hits="16" branch="True" condition-coverage="100% (2/2)">
                  <conditions>
                    <condition number="36" type="jump" coverage="100%" />
                  </conditions>
                </line>
                <line number="64" hits="1" branch="False" />
                <line number="66" hits="15" branch="True" condition-coverage="100% (2/2)">
                  <conditions>
                    <condition number="60" type="jump" coverage="100%" />
                  </conditions>
                </line>
                <line number="67" hits="1" branch="False" />
                <line number="68" hits="1" branch="False" />
                <line number="70" hits="14" branch="False" />
                <line number="71" hits="14" branch="False" />
                <line number="72" hits="14" branch="False" />
              </lines>
            </method>
            <method name="ConfirmUsage" signature="(System.Int32,System.Guid)" line-rate="1" branch-rate="1" complexity="6">
              <lines>
                <line number="75" hits="6" branch="False" />
                <line number="76" hits="6" branch="True" condition-coverage="100% (2/2)">
                  <conditions>
                    <condition number="10" type="jump" coverage="100%" />
                  </conditions>
                </line>
                <line number="77" hits="1" branch="False" />
                <line number="79" hits="5" branch="True" condition-coverage="100% (2/2)">
                  <conditions>
                    <condition number="36" type="jump" coverage="100%" />
                  </conditions>
                </line>
                <line number="80" hits="1" branch="False" />
                <line number="82" hits="4" branch="True" condition-coverage="100% (2/2)">
                  <conditions>
[...]
              </lines>
            </method>
          </methods>
          <lines>
            <line number="8" hits="3" branch="False" />
          </lines>
        </class>
        <class name="MechanicsSoftware.Application.Features.Inventory.DeletePartUseCase" filename="MechanicsSoftware.Application/Features/Inventory/DeletePartUseCase.cs" line-rate="1" branch-rate="1" complexity="1">
          <methods>
            <method name=".ctor" signature="(MechanicsSoftware.Application.Common.IAppDbContext)" line-rate="1" branch-rate="1" complexity="1">
              <lines>
                <line number="8" hits="3" branch="False" />
              </lines>
            </method>
          </methods>
          <lines>
            <line number="8" hits="3" branch="False" />
          </lines>
        </class>
        <class name="MechanicsSoftware.Application.Features.Inventory.GetPartUseCase" filename="MechanicsSoftware.Application/Features/Inventory/GetPartUseCase.cs" line-rate="1" branch-rate="1" complexity="1">
          <methods>
            <method name=".ctor" signature="(MechanicsSoftware.Application.Common.IAppDbContext)" line-rate="1" branch-rate="1" complexity="1">
              <lines>
                <line number="7" hits="2" branch="False" />
              </lines>
            </method>
          </methods>
          <lines>
            <line number="7" hits="2" branch="False" />
          </lines>
        </class>
        <class name="MechanicsSoftware.Application.Features.Inventory.ListPartsUseCase" filename="MechanicsSoftware.Application/Features/Inventory/ListPartsUseCase.cs" line-rate="1" branch-rate="1" complexity="1">
          <methods>
            <method name=".ctor" signature="(MechanicsSoftware.Application.Common.IAppDbContext)" line-rate="1" branch-rate="1" complexity="1">
              <lines>
                <line number="8" hits="4" branch="False" />
              </lines>
            </method>
          </methods>
          <lines>
            <line number="8" hits="4" branch="False" />
          </lines>
        </class>
        <class name="MechanicsSoftware.Application.Features.Inventory.CreatePartInput" filename="MechanicsSoftware.Application/Features/Inventory/PartDto.cs" line-rate="1" branch-rate="1" complexity="1">
          <methods>
            <method name=".ctor" signature="(System.String,System.String,System.String,System.Int32,System.Int32)" line-rate="1" branch-rate="1" complexity="1">
              <lines>
                <line number="5" hits="3" branch="False" />
                <line number="6" hits="3" branch="False" />
                <line number="7" hits="3" branch="False" />
                <line number="8" hits="3" branch="False" />
                <line number="9" hits="3" branch="False" />
                <line number="10" hits="3" branch="False" />
                <line number="11" hits="3" branch="False" />
              </lines>
            </method>
          </methods>
          <lines>
            <line number="5" hits="3" branch="False" />
            <line number="6" hits="3" branch="False" />
            <line number="7" hits="3" branch="False" />
            <line number="8" hits="3" branch="False" />
            <line number="9" hits="3" branch="False" />
            <line number="10" hits="3" branch="False" />
            <line number="11" hits="3" branch="False" />
          </lines>
        </class>
        <class name="MechanicsSoftware.Application.Features.Inventory.UpdatePartInput" filename="MechanicsSoftware.Application/Features/Inventory/PartDto.cs" line-rate="1" branch-rate="1" complexity="1">
          <methods>
            <method name=".ctor" signature="(System.String,System.String,System.Int32)" line-rate="1" branch-rate="1" complexity="1">
              <lines>
                <line number="13" hits="2" branch="False" />
                <line number="14" hits="2" branch="False" />
                <line number="15" hits="2" branch="False" />
                <line number="16" hits="2" branch="False" />
                <line number="17" hits="2" branch="False" />
              </lines>
            </method>
          </methods>
          <lines>
            <line number="13" hits="2" branch="False" />
            <line number="14" hits="2" branch="False" />
            <line number="15" hits="2" branch="False" />
            <line number="16" hits="2" branch="False" />
            <line number="17" hits="2" branch="False" />
          </lines>
        </class>
        <class name="MechanicsSoftware.Application.Features.Inventory.UpdateStockInput" filename="MechanicsSoftware.Application/Features/Inventory/PartDto.cs" line-rate="1" branch-rate="1" complexity="1">
          <methods>
            <method name=".ctor" signature="(System.Int32)" line-rate="1" branch-rate="1" complexity="1">
              <lines>
                <line number="19" hits="3" branch="False" />
                <line number="20" hits="3" branch="False" />
                <line number="21" hits="3" branch="False" />
              </lines>
            </method>
          </methods>
          <lines>
            <line number="19" hits="3" branch="False" />
            <line number="20" hits="3" branch="False" />
            <line number="21" hits="3" branch="False" />
          </lines>
        </class>
        <class name="MechanicsSoftware.Application.Features.Inventory.PartOutput" filename="MechanicsSoftware.Application/Features/Inventory/PartDto.cs" line-rate="1" branch-rate="1" complexity="2">
          <methods>
            <method name="From" signature="(MechanicsSoftware.Domain.Inventory.Part)" line-rate="1" branch-rate="1" complexity="1">
              <lines>
                <line number="35" hits="11" branch="False" />
                <line number="36" hits="11" branch="False" />
                <line number="37" hits="11" branch="False" />
              </lines>
            </method>
            <method name=".ctor" signature="(System.Guid,System.String,System.String,System.String,System.Int32,System.String,System.Int32,System.Int32,System.Int32)" line-rate="1" branch-rate="1" complexity="1">
              <lines>
                <line number="23" hits="11" branch="False" />
                <line number="24" hits="11" branch="False" />
                <line number="25" hits="11" branch="False" />
                <line number="26" hits="11" branch="False" />
                <line number="27" hits="11" branch="False" />
                <line number="28" hits="11" branch="False" />
                <line number="29" hits="11" branch="False" />
                <line number="30" hits="11" branch="False" />
                <line number="31" hits="11" branch="False" />
                <line number="32" hits="11" branch="False" />
              </lines>
            </method>
          </methods>
          <lines>
            <line number="35" hits="11" branch="False" />
            <line number="36" hits="11" branch="False" />
            <line number="37" hits="11" branch="False" />
            <line number="23" hits="11" branch="False" />
            <line number="24" hits="11" branch="False" />
            <line number="25" hits="11" branch="False" />
            <line number="26" hits="11" branch="False" />
            <line number="27" hits="11" branch="False" />
            <line number="28" hits="11" branch="False" />
            <line number="29" hits="11" branch="False" />
            <line number="30" hits="11" branch="False" />
            <line number="31" hits="11" branch="False" />
            <line number="32" hits="11" branch="False" />
          </lines>
        </class>
        <class name="MechanicsSoftware.Application.Features.Inventory.UpdatePartUseCase" filename="MechanicsSoftware.Application/Features/Inventory/UpdatePartUseCase.cs" line-rate="1" branch-rate="1" complexity="1">
          <methods>
            <method name=".ctor" signature="(MechanicsSoftware.Application.Common.IAppDbContext)" line-rate="1" branch-rate="1" complexity="1">
              <lines>
                <line number="8" hits="2" branch="False" />
              </lines>
            </method>
          </methods>
          <lines>
            <line number="8" hits="2" branch="False" />
          </lines>
        </class>
        <class name="MechanicsSoftware.Application.Features.Inventory.UpdateStockUseCase" filename="MechanicsSoftware.Application/Features/Inventory/UpdateStockUseCase.cs" line-rate="1" branch-rate="1" complexity="1">
          <methods>
            <method name=".ctor" signature="(MechanicsSoftware.Application.Common.IAppDbContext)" line-rate="1" branch-rate="1" complexity="1">
              <lines>
                <line number="7" hits="3" branch="False" />
              </lines>
            </method>
          </methods>
          <lines>
            <line number="7" hits="3" branch="False" />
          </lines>
        </class>
        <class name="MechanicsSoftware.Application.Features.Customers.CreateCustomerRequest" filename="MechanicsSoftware.Application/Features/Customers/CreateCustomerUseCase.cs" line-rate="1" branch-rate="1" complexity="1">
          <methods>
            <method name=".ctor" signature="(System.String,System.String,MechanicsSoftware.Domain.Customers.PersonType,System.String,System.String)" line-rate="1" branch-rate="1" complexity="1">
              <lines>
                <line number="8" hits="2" branch="False" />
                <line number="9" hits="2" branch="False" />
                <line number="10" hits="2" branch="False" />
                <line number="11" hits="2" branch="False" />
                <line number="12" hits="2" branch="False" />
                <line number="13" hits="2" branch="False" />
                <line number="14" hits="2" branch="False" />
              </lines>
            </method>
          </methods>
          <lines>
            <line number="8" hits="2" branch="False" />
            <line number="9" hits="2" branch="False" />
            <line number="10" hits="2" branch="False" />
            <line number="11" hits="2" branch="False" />
            <line number="12" hits="2" branch="False" />
            <line number="13" hits="2" branch="False" />
            <line number="14" hits="2" branch="False" />
          </lines>
        </class>
        <class name="MechanicsSoftware.Application.Features.Customers.CreateCustomerUseCase" filename="MechanicsSoftware.Application/Features/Customers/CreateCustomerUseCase.cs" line-rate="1" branch-rate="1" complexity="2">
          <methods>
            <method name="ToResponse" signature="(MechanicsSoftware.Domain.Customers.Customer)" line-rate="1" branch-rate="1" complexity="1">
              <lines>
                <line number="42" hits="1" branch="False" />
              </lines>
            </method>
            <method name=".ctor" signature="(MechanicsSoftware.Application.Common.IAppDbContext)" line-rate="1" branch-rate="1" complexity="1">
              <lines>
                <line number="16" hits="2" branch="False" />
              </lines>
            </method>
          </methods>
          <lines>
            <line number="42" hits="1" branch="False" />
            <line number="16" hits="2" branch="False" />
          </lines>
        </class>
        <class name="MechanicsSoftware.Application.Features.Customers.CustomerResponse" filename="MechanicsSoftware.Application/Features/Customers/CustomerResponse.cs" line-rate="1" branch-rate="1" complexity="1">
          <methods>
            <method name=".ctor" signature="(System.Guid,System.String,System.String,System.String,System.String)" line-rate="1" branch-rate="1" complexity="1">
              <lines>
                <line number="3" hits="7" branch="False" />
                <line number="4" hits="7" branch="False" />
                <line number="5" hits="7" branch="False" />
                <line number="6" hits="7" branch="False" />
                <line number="7" hits="7" branch="False" />
                <line number="8" hits="7" branch="False" />
                <line number="9" hits="7" branch="False" />
              </lines>
            </method>
          </methods>
          <lines>
            <line number="3" hits="7" branch="False" />
            <line number="4" hits="7" branch="False" />
            <line number="5" hits="7" branch="False" />
            <line number="6" hits="7" branch="False" />
            <line number="7" hits="7" branch="False" />
            <line number="8" hits="7" branch="False" />
            <line number="9" hits="7" branch="False" />
          </lines>
        </class>
        <class name="MechanicsSoftware.Application.Features.Customers.DeleteCustomerUseCase" filename="MechanicsSoftware.Application/Features/Customers/DeleteCustomerUseCase.cs" line-rate="1" branch-rate="1" complexity="1">
          <methods>
            <method name=".ctor" signature="(MechanicsSoftware.Application.Common.IAppDbContext)" line-rate="1" branch-rate="1" complexity="1">
              <lines>
                <line number="8" hits="2" branch="False" />
              </lines>
            </method>
          </methods>
          <lines>
            <line number="8" hits="2" branch="False" />
          </lines>
        </class>
        <class name="MechanicsSoftware.Application.Features.Customers.GetCustomerUseCase" filename="MechanicsSoftware.Application/Features/Customers/GetCustomerUseCase.cs" line-rate="1" branch-rate="1" complexity="2">
          <methods>
            <method name="ToResponse" signature="(MechanicsSoftware.Domain.Customers.Customer)" line-rate="1" branch-rate="1" complexity="1">
              <lines>
                <line number="20" hits="1" branch="False" />
              </lines>
            </method>
            <method name=".ctor" signature="(MechanicsSoftware.Application.Common.IAppDbContext)" line-rate="1" branch-rate="1" complexity="1">
              <lines>
                <line number="8" hits="2" branch="False" />
              </lines>
            </method>
          </methods>
          <lines>
            <line number="20" hits="1" branch="False" />
            <line number="8" hits="2" branch="False" />
          </lines>
        </class>
        <class name="MechanicsSoftware.Application.Features.Customers.ListCustomersQuery" filename="MechanicsSoftware.Application/Features/Customers/ListCustomersUseCase.cs" line-rate="1" branch-rate="1" complexity="1">
          <methods>
            <method name=".ctor" signature="(System.String,System.String)" line-rate="1" branch-rate="1" complexity="1">
              <lines>
                <line number="7" hits="4" branch="False" />
                <line number="8" hits="4" branch="False" />
                <line number="9" hits="4" branch="False" />
                <line number="10" hits="4" branch="False" />
              </lines>
            </method>
          </methods>
          <lines>
            <line number="7" hits="4" branch="False" />
            <line number="8" hits="4" branch="False" />
            <line number="9" hits="4" branch="False" />
            <line number="10" hits="4" branch="False" />
          </lines>
        </class>
        <class name="MechanicsSoftware.Application.Features.Customers.ListCustomersUseCase" filename="MechanicsSoftware.Application/Features/Customers/ListCustomersUseCase.cs" line-rate="1" branch-rate="1" complexity="1">
          <methods>
            <method name=".ctor" signature="(MechanicsSoftware.Application.Common.IAppDbContext)" line-rate="1" branch-rate="1" complexity="1">
              <lines>
                <line number="12" hits="4" branch="False" />
              </lines>
            </method>
          </methods>
          <lines>
            <line number="12" hits="4" branch="False" />
          </lines>
        </class>
        <class name="MechanicsSoftware.Application.Features.Customers.UpdateCustomerRequest" filename="MechanicsSoftware.Application/Features/Customers/UpdateCustomerUseCase.cs" line-rate="1" branch-rate="1" complexity="1">
          <methods>
            <method name=".ctor" signature="(System.String,System.String,System.String)" line-rate="1" branch-rate="1" complexity="1">
              <lines>
                <line number="8" hits="3" branch="False" />
                <line number="9" hits="3" branch="False" />
                <line number="10" hits="3" branch="False" />
                <line number="11" hits="3" branch="False" />
                <line number="12" hits="3" branch="False" />
              </lines>
            </method>
          </methods>
          <lines>
            <line number="8" hits="3" branch="False" />
            <line number="9" hits="3" branch="False" />
            <line number="10" hits="3" branch="False" />
            <line number="11" hits="3" branch="False" />
            <line number="12" hits="3" branch="False" />
          </lines>
        </class>
        <class name="MechanicsSoftware.Application.Features.Customers.UpdateCustomerUseCase" filename="MechanicsSoftware.Application/Features/Customers/UpdateCustomerUseCase.cs" line-rate="1" branch-rate="1" complexity="2">
          <methods>
            <method name="ToResponse" signature="(MechanicsSoftware.Domain.Customers.Customer)" line-rate="1" branch-rate="1" complexity="1">
              <lines>
                <line number="33" hits="1" branch="False" />
              </lines>
            </method>
            <method name=".ctor" signature="(MechanicsSoftware.Application.Common.IAppDbContext)" line-rate="1" branch-rate="1" complexity="1">
              <lines>
                <line number="14" hits="3" branch="False" />
              </lines>
            </method>
          </methods>
          <lines>
            <line number="33" hits="1" branch="False" />
            <line number="14" hits="3" branch="False" />
          </lines>
        </class>
        <class name="MechanicsSoftware.Application.Features.Auth.LoginUseCase" filename="MechanicsSoftware.Application/Features/Auth/LoginUseCase.cs" line-rate="1" branch-rate="1" complexity="1">
          <methods>
            <method name=".ctor" signature="(MechanicsSoftware.Application.Common.IAppDbContext,MechanicsSoftware.Application.Common.IPasswordHasher,MechanicsSoftware.Application.Common.Auth.IJwtProvider)" line-rate="1" branch-rate="1" complexity="1">
              <lines>
                <line number="12" hits="5" branch="False" />
              </lines>
            </method>
          </methods>
          <lines>
            <line number="12" hits="5" branch="False" />
          </lines>
        </class>
        <class name="MechanicsSoftware.Application.Common.Exceptions.NotFoundException" filename="MechanicsSoftware.Application/Common/Exceptions/NotFoundException.cs" line-rate="1" branch-rate="1" complexity="1">
          <methods>
            <method name=".ctor" signature="(System.String,System.Object)" line-rate="1" branch-rate="1" complexity="1">
              <lines>
                <line number="6" hits="36" branch="False" />
              </lines>
            </method>
          </methods>
          <lines>
            <line number="6" hits="36" branch="False" />
          </lines>
        </class>
        <class name="MechanicsSoftware.Application.Common.Exceptions.UnauthorizedException" filename="MechanicsSoftware.Application/Common/Exceptions/UnauthorizedException.cs" line-rate="1" branch-rate="1" complexity="1">
          <methods>
            <method name=".ctor" signature="()" line-rate="1" branch-rate="1" complexity="1">
              <lines>
                <line number="6" hits="6" branch="False" />
              </lines>
            </method>
          </methods>
          <lines>
            <line number="6" hits="6" branch="False" />
          </lines>
        </class>
      </classes>
    </package>
  </packages>
</coverage>